<?xml version="1.0" encoding="UTF-8"?>
<testng-results ignored="0" total="4" passed="4" failed="0" skipped="0">
  <reporter-output>
  </reporter-output>
  <suite started-at="2022-02-18T15:31:40Z" name="Default suite" finished-at="2022-02-18T15:32:01Z" duration-ms="21532">
    <groups>
    </groups>
    <test started-at="2022-02-18T15:31:40Z" name="Default test" finished-at="2022-02-18T15:32:01Z" duration-ms="21532">
      <class name="testcases.TestCases">
        <test-method is-config="true" signature="Launching_Browser()[pri:0, instance:testcases.TestCases@3116c353]" started-at="2022-02-18T15:31:27Z" name="Launching_Browser" finished-at="2022-02-18T15:31:40Z" duration-ms="12459" status="PASS">
          <reporter-output>
          </reporter-output>
        </test-method> <!-- Launching_Browser -->
        <test-method is-config="true" signature="BeforeTest()[pri:0, instance:testcases.TestCases@3116c353]" started-at="2022-02-18T15:31:40Z" name="BeforeTest" finished-at="2022-02-18T15:31:40Z" duration-ms="4" status="PASS">
          <reporter-output>
          </reporter-output>
        </test-method> <!-- BeforeTest -->
        <test-method signature="Sign_in()[pri:0, instance:testcases.TestCases@3116c353]" started-at="2022-02-18T15:31:40Z" name="Sign_in" finished-at="2022-02-18T15:31:44Z" duration-ms="4068" status="PASS">
          <reporter-output>
          </reporter-output>
        </test-method> <!-- Sign_in -->
        <test-method is-config="true" signature="BeforeTest()[pri:0, instance:testcases.TestCases@3116c353]" started-at="2022-02-18T15:31:44Z" name="BeforeTest" finished-at="2022-02-18T15:31:44Z" duration-ms="3" status="PASS">
          <reporter-output>
          </reporter-output>
        </test-method> <!-- BeforeTest -->
        <test-method signature="HomePage()[pri:0, instance:testcases.TestCases@3116c353]" started-at="2022-02-18T15:31:44Z" name="HomePage" finished-at="2022-02-18T15:31:44Z" depends-on-methods="testcases.TestCases.Sign_in" duration-ms="40" status="PASS">
          <reporter-output>
          </reporter-output>
        </test-method> <!-- HomePage -->
        <test-method is-config="true" signature="BeforeTest()[pri:0, instance:testcases.TestCases@3116c353]" started-at="2022-02-18T15:31:44Z" name="BeforeTest" finished-at="2022-02-18T15:31:44Z" duration-ms="1" status="PASS">
          <reporter-output>
          </reporter-output>
        </test-method> <!-- BeforeTest -->
        <test-method signature="AppointmentScheduling()[pri:0, instance:testcases.TestCases@3116c353]" started-at="2022-02-18T15:31:44Z" name="AppointmentScheduling" finished-at="2022-02-18T15:31:50Z" depends-on-methods="testcases.TestCases.HomePage" duration-ms="5526" status="PASS">
          <reporter-output>
          </reporter-output>
        </test-method> <!-- AppointmentScheduling -->
        <test-method is-config="true" signature="BeforeTest()[pri:0, instance:testcases.TestCases@3116c353]" started-at="2022-02-18T15:31:50Z" name="BeforeTest" finished-at="2022-02-18T15:31:50Z" duration-ms="1" status="PASS">
          <reporter-output>
          </reporter-output>
        </test-method> <!-- BeforeTest -->
        <test-method signature="CaptureVitals()[pri:0, instance:testcases.TestCases@3116c353]" started-at="2022-02-18T15:31:50Z" name="CaptureVitals" finished-at="2022-02-18T15:32:01Z" depends-on-methods="testcases.TestCases.AppointmentScheduling" duration-ms="11854" status="PASS">
          <reporter-output>
          </reporter-output>
        </test-method> <!-- CaptureVitals -->
      </class> <!-- testcases.TestCases -->
    </test> <!-- Default test -->
  </suite> <!-- Default suite -->
</testng-results>
