<?xml version="1.0" encoding="UTF-8"?>
<!-- Generated by org.testng.reporters.JUnitXMLReporter -->
<testsuite ignored="0" hostname="inbl01lap7206" failures="0" tests="4" name="Default test" time="21.532" errors="0" timestamp="18 Feb 2022 15:32:01 GMT">
  <testcase classname="testcases.TestCases" name="Sign_in" time="4.068"/>
  <testcase classname="testcases.TestCases" name="HomePage" time="0.04"/>
  <testcase classname="testcases.TestCases" name="AppointmentScheduling" time="5.526"/>
  <testcase classname="testcases.TestCases" name="CaptureVitals" time="11.854"/>
</testsuite> <!-- Default test -->
