<?xml version="1.0" encoding="UTF-8"?>
<!-- Generated by org.testng.reporters.JUnitXMLReporter -->
<testsuite ignored="0" hostname="inbl01lap7206" failures="0" tests="4" name="Test" time="7.057" errors="0" timestamp="2022-02-19T18:32:48 IST">
  <testcase classname="PostRequest.Project_PostRequest" name="Post_Request" time="3.279"/>
  <testcase classname="GetRequest.Project_GetRequest" name="Get_Request" time="1.536"/>
  <testcase classname="DeleteRequest.Project_DeleteRequest" name="Delete_Request" time="1.042"/>
  <testcase classname="PutRequest.Project_PutRequest" name="Put_Request" time="1.14"/>
</testsuite> <!-- Test -->
